app/build/intermediates/manifest_merge_blame_file/debug/manifest-merger-blame-debug-report.txt
1<?xml version="1.0" encoding="utf-8"?>
2<manifest xmlns:android="http://schemas.android.com/apk/res/android"
3    package="com.todomore.android"
4    android:versionCode="1"
5    android:versionName="1.0" >
6
7    <uses-sdk
8        android:minSdkVersion="26"
8-->src\main\AndroidManifest.xml
9        android:targetSdkVersion="32" />
9-->src\main\AndroidManifest.xml
10
11    <uses-permission android:name="android.permission.READ_CONTACTS" />
11-->src\main\AndroidManifest.xml:5:2-69
11-->src\main\AndroidManifest.xml:5:19-66
12    <uses-permission android:name="android.permission.READ_PROFILE" />
12-->src\main\AndroidManifest.xml:6:2-68
12-->src\main\AndroidManifest.xml:6:19-65
13    <uses-permission android:name="android.permission.INTERNET" />
13-->src\main\AndroidManifest.xml:7:2-64
13-->src\main\AndroidManifest.xml:7:19-61
14    <uses-permission android:name="android.permission.READ_SYNC_SETTINGS" />
14-->src\main\AndroidManifest.xml:8:2-74
14-->src\main\AndroidManifest.xml:8:19-71
15    <uses-permission android:name="android.permission.WRITE_SYNC_SETTINGS" />
15-->src\main\AndroidManifest.xml:9:2-75
15-->src\main\AndroidManifest.xml:9:19-72
16    <uses-permission android:name="android.permission.AUTHENTICATE_ACCOUNTS" />
16-->src\main\AndroidManifest.xml:10:2-77
16-->src\main\AndroidManifest.xml:10:19-74
17    <uses-permission android:name="android.permission.GET_ACCOUNTS" />
17-->src\main\AndroidManifest.xml:11:2-68
17-->src\main\AndroidManifest.xml:11:19-65
18    <uses-permission android:name="android.permission.MANAGE_ACCOUNTS" />
18-->src\main\AndroidManifest.xml:12:2-71
18-->src\main\AndroidManifest.xml:12:19-68
19    <uses-permission android:name="android.permission.USE_CREDENTIALS" />
19-->src\main\AndroidManifest.xml:13:2-71
19-->src\main\AndroidManifest.xml:13:19-68
20
21    <application
21-->src\main\AndroidManifest.xml:15:2-83:16
22        android:name="todomore.android.TodoMoreApplication"
22-->src\main\AndroidManifest.xml:15:15-49
23        android:allowBackup="true"
23-->src\main\AndroidManifest.xml:17:35-61
24        android:appComponentFactory="androidx.core.app.CoreComponentFactory"
24-->[androidx.core:core:1.7.0] AndroidManifest.xml:24:18-86
25        android:debuggable="true"
26        android:extractNativeLibs="false"
27        android:icon="@drawable/ic_launcher"
27-->src\main\AndroidManifest.xml:16:3-39
28        android:label="@string/app_name"
28-->src\main\AndroidManifest.xml:16:40-72
29        android:theme="@style/AppTheme" >
29-->src\main\AndroidManifest.xml:17:3-34
30
31        <!-- Main Interactive Activity -->
32        <activity
32-->src\main\AndroidManifest.xml:20:3-27:14
33            android:name="todomore.android.MainActivity"
33-->src\main\AndroidManifest.xml:20:13-40
34            android:exported="true" >
34-->src\main\AndroidManifest.xml:21:4-27
35			android:label="@string/app_name">
36            <intent-filter>
36-->src\main\AndroidManifest.xml:23:4-26:20
37                <action android:name="android.intent.action.MAIN" />
37-->src\main\AndroidManifest.xml:24:5-57
37-->src\main\AndroidManifest.xml:24:13-54
38
39                <category android:name="android.intent.category.LAUNCHER" />
39-->src\main\AndroidManifest.xml:25:5-65
39-->src\main\AndroidManifest.xml:25:15-62
40            </intent-filter>
41        </activity>
42
43        <!-- Voice-activated "main" activity -->
44        <activity
44-->src\main\AndroidManifest.xml:30:3-39:14
45            android:name="todomore.android.QuickNoteActivity"
45-->src\main\AndroidManifest.xml:30:13-45
46            android:exported="false" >
46-->src\main\AndroidManifest.xml:31:4-28
47            <intent-filter>
47-->src\main\AndroidManifest.xml:32:4-38:20
48
49                <!-- Invoked when user says "Take a note" -->
50                <action android:name="android.intent.action.SEND" />
50-->src\main\AndroidManifest.xml:34:5-57
50-->src\main\AndroidManifest.xml:34:13-54
51
52                <category android:name="com.google.android.voicesearch.SELF_NOTE" />
52-->src\main\AndroidManifest.xml:35:5-73
52-->src\main\AndroidManifest.xml:35:15-70
53                <!--
54                     String extra will be android.content.Intent.EXTRA_TEXT containing
55					a string with the task body
56                -->
57            </intent-filter>
58        </activity>
59        <activity android:name="todomore.android.DetailsActivity" >
59-->src\main\AndroidManifest.xml:41:3-43:14
59-->src\main\AndroidManifest.xml:41:13-43
60
61            <!-- No intent filter or other goo needed here -->
62        </activity>
63        <activity android:name="todomore.android.PrefsActivity" >
63-->src\main\AndroidManifest.xml:45:3-47:14
63-->src\main\AndroidManifest.xml:45:13-41
64
65            <!-- No intent filter or other goo needed here -->
66        </activity>
67        <activity android:name="todomore.android.HelpActivity" >
67-->src\main\AndroidManifest.xml:49:3-51:14
67-->src\main\AndroidManifest.xml:49:13-40
68
69            <!-- No intent filter or other goo needed here -->
70        </activity>
71        <activity android:name="todomore.android.AboutActivity" >
71-->src\main\AndroidManifest.xml:53:3-55:14
71-->src\main\AndroidManifest.xml:53:13-41
72
73            <!-- No intent filter or other goo needed here -->
74        </activity>
75
76        <!-- Synch Adapter -->
77        <service
77-->src\main\AndroidManifest.xml:58:3-65:13
78            android:name="todomore.android.sync.TodoSyncService"
78-->src\main\AndroidManifest.xml:58:12-48
79            android:exported="false"
79-->src\main\AndroidManifest.xml:59:4-28
80            android:process=":sync" >
80-->src\main\AndroidManifest.xml:59:29-52
81            <intent-filter>
81-->src\main\AndroidManifest.xml:60:4-62:20
82                <action android:name="android.content.SyncAdapter" />
82-->src\main\AndroidManifest.xml:61:5-58
82-->src\main\AndroidManifest.xml:61:13-55
83            </intent-filter>
84
85            <meta-data
85-->src\main\AndroidManifest.xml:63:4-64:44
86                android:name="android.content.SyncAdapter"
86-->src\main\AndroidManifest.xml:63:15-57
87                android:resource="@xml/synchadapter" />
87-->src\main\AndroidManifest.xml:64:5-41
88        </service>
89        <!-- Bloat-ware - dummy authenticator - needed by Sync Adapter -->
90        <service
90-->src\main\AndroidManifest.xml:67:3-76:13
91            android:name="todomore.android.sync.TodoDummyAuthenticatorService"
91-->src\main\AndroidManifest.xml:67:12-62
92            android:exported="false" >
92-->src\main\AndroidManifest.xml:68:4-28
93
94            <!-- Required filter used by the system to launch our account service. -->
95            <intent-filter>
95-->src\main\AndroidManifest.xml:70:4-72:20
96                <action android:name="android.accounts.AccountAuthenticator" />
96-->src\main\AndroidManifest.xml:71:5-68
96-->src\main\AndroidManifest.xml:71:13-65
97            </intent-filter>
98            <!-- This points to an XML file which describes our account service. -->
99            <meta-data
99-->src\main\AndroidManifest.xml:74:4-75:45
100                android:name="android.accounts.AccountAuthenticator"
100-->src\main\AndroidManifest.xml:74:15-67
101                android:resource="@xml/authenticator" />
101-->src\main\AndroidManifest.xml:75:5-42
102        </service>
103
104        <!-- A dummy ContentProvider is, of course, also "needed" -->
105        <provider
105-->src\main\AndroidManifest.xml:79:3-81:55
106            android:name="todomore.android.TodoContentProvider"
106-->src\main\AndroidManifest.xml:79:13-47
107            android:authorities="@string/datasync_provider_authority"
107-->src\main\AndroidManifest.xml:80:4-61
108            android:exported="false"
108-->src\main\AndroidManifest.xml:81:4-28
109            android:syncable="true" />
109-->src\main\AndroidManifest.xml:81:29-52
110        <provider
110-->[androidx.emoji2:emoji2:1.0.0] AndroidManifest.xml:26:9-34:20
111            android:name="androidx.startup.InitializationProvider"
111-->[androidx.emoji2:emoji2:1.0.0] AndroidManifest.xml:27:13-67
112            android:authorities="com.todomore.android.androidx-startup"
112-->[androidx.emoji2:emoji2:1.0.0] AndroidManifest.xml:28:13-68
113            android:exported="false" >
113-->[androidx.emoji2:emoji2:1.0.0] AndroidManifest.xml:29:13-37
114            <meta-data
114-->[androidx.emoji2:emoji2:1.0.0] AndroidManifest.xml:31:13-33:52
115                android:name="androidx.emoji2.text.EmojiCompatInitializer"
115-->[androidx.emoji2:emoji2:1.0.0] AndroidManifest.xml:32:17-75
116                android:value="androidx.startup" />
116-->[androidx.emoji2:emoji2:1.0.0] AndroidManifest.xml:33:17-49
117            <meta-data
117-->[androidx.lifecycle:lifecycle-process:2.4.0] AndroidManifest.xml:31:13-33:52
118                android:name="androidx.lifecycle.ProcessLifecycleInitializer"
118-->[androidx.lifecycle:lifecycle-process:2.4.0] AndroidManifest.xml:32:17-78
119                android:value="androidx.startup" />
119-->[androidx.lifecycle:lifecycle-process:2.4.0] AndroidManifest.xml:33:17-49
120        </provider>
121    </application>
122
123</manifest>